<?xml version="1.0" encoding="UTF-8"?>
<testsuite xmlns:xsi="http://www.w3.org/2001/XMLSchema-instance" xsi:noNamespaceSchemaLocation="https://maven.apache.org/surefire/maven-surefire-plugin/xsd/surefire-test-report.xsd" version="3.0.2" name="com.example.kunturtatto.KunturtattoApplicationTests" time="12.752" tests="1" errors="0" skipped="0" failures="0">
  <properties>
    <property name="java.specification.version" value="17"/>
    <property name="sun.cpu.isalist" value="amd64"/>
    <property name="sun.jnu.encoding" value="Cp1252"/>
    <property name="java.class.path" value="E:\programacion\proyectosSubidos\kunturtatto\target\test-classes;E:\programacion\proyectosSubidos\kunturtatto\target\classes;C:\Users\jordy\.m2\repository\org\springframework\boot\spring-boot-starter-data-jpa\3.4.2\spring-boot-starter-data-jpa-3.4.2.jar;C:\Users\jordy\.m2\repository\org\springframework\boot\spring-boot-starter\3.4.2\spring-boot-starter-3.4.2.jar;C:\Users\jordy\.m2\repository\org\springframework\boot\spring-boot-starter-logging\3.4.2\spring-boot-starter-logging-3.4.2.jar;C:\Users\jordy\.m2\repository\ch\qos\logback\logback-classic\1.5.16\logback-classic-1.5.16.jar;C:\Users\jordy\.m2\repository\ch\qos\logback\logback-core\1.5.16\logback-core-1.5.16.jar;C:\Users\jordy\.m2\repository\org\apache\logging\log4j\log4j-to-slf4j\2.24.3\log4j-to-slf4j-2.24.3.jar;C:\Users\jordy\.m2\repository\org\apache\logging\log4j\log4j-api\2.24.3\log4j-api-2.24.3.jar;C:\Users\jordy\.m2\repository\org\slf4j\jul-to-slf4j\2.0.16\jul-to-slf4j-2.0.16.jar;C:\Users\jordy\.m2\repository\jakarta\annotation\jakarta.annotation-api\2.1.1\jakarta.annotation-api-2.1.1.jar;C:\Users\jordy\.m2\repository\org\yaml\snakeyaml\2.3\snakeyaml-2.3.jar;C:\Users\jordy\.m2\repository\org\springframework\boot\spring-boot-starter-jdbc\3.4.2\spring-boot-starter-jdbc-3.4.2.jar;C:\Users\jordy\.m2\repository\com\zaxxer\HikariCP\5.1.0\HikariCP-5.1.0.jar;C:\Users\jordy\.m2\repository\org\springframework\spring-jdbc\6.2.2\spring-jdbc-6.2.2.jar;C:\Users\jordy\.m2\repository\org\hibernate\orm\hibernate-core\6.6.5.Final\hibernate-core-6.6.5.Final.jar;C:\Users\jordy\.m2\repository\jakarta\persistence\jakarta.persistence-api\3.1.0\jakarta.persistence-api-3.1.0.jar;C:\Users\jordy\.m2\repository\jakarta\transaction\jakarta.transaction-api\2.0.1\jakarta.transaction-api-2.0.1.jar;C:\Users\jordy\.m2\repository\org\hibernate\common\hibernate-commons-annotations\7.0.3.Final\hibernate-commons-annotations-7.0.3.Final.jar;C:\Users\jordy\.m2\repository\io\smallrye\jandex\3.2.0\jandex-3.2.0.jar;C:\Users\jordy\.m2\repository\org\glassfish\jaxb\jaxb-runtime\4.0.5\jaxb-runtime-4.0.5.jar;C:\Users\jordy\.m2\repository\org\glassfish\jaxb\jaxb-core\4.0.5\jaxb-core-4.0.5.jar;C:\Users\jordy\.m2\repository\org\glassfish\jaxb\txw2\4.0.5\txw2-4.0.5.jar;C:\Users\jordy\.m2\repository\com\sun\istack\istack-commons-runtime\4.1.2\istack-commons-runtime-4.1.2.jar;C:\Users\jordy\.m2\repository\jakarta\inject\jakarta.inject-api\2.0.1\jakarta.inject-api-2.0.1.jar;C:\Users\jordy\.m2\repository\org\antlr\antlr4-runtime\4.13.0\antlr4-runtime-4.13.0.jar;C:\Users\jordy\.m2\repository\org\springframework\data\spring-data-jpa\3.4.2\spring-data-jpa-3.4.2.jar;C:\Users\jordy\.m2\repository\org\springframework\data\spring-data-commons\3.4.2\spring-data-commons-3.4.2.jar;C:\Users\jordy\.m2\repository\org\springframework\spring-orm\6.2.2\spring-orm-6.2.2.jar;C:\Users\jordy\.m2\repository\org\springframework\spring-context\6.2.2\spring-context-6.2.2.jar;C:\Users\jordy\.m2\repository\org\springframework\spring-tx\6.2.2\spring-tx-6.2.2.jar;C:\Users\jordy\.m2\repository\org\springframework\spring-beans\6.2.2\spring-beans-6.2.2.jar;C:\Users\jordy\.m2\repository\org\springframework\spring-aspects\6.2.2\spring-aspects-6.2.2.jar;C:\Users\jordy\.m2\repository\org\aspectj\aspectjweaver\1.9.22.1\aspectjweaver-1.9.22.1.jar;C:\Users\jordy\.m2\repository\org\springframework\boot\spring-boot-starter-mail\3.4.2\spring-boot-starter-mail-3.4.2.jar;C:\Users\jordy\.m2\repository\org\springframework\spring-context-support\6.2.2\spring-context-support-6.2.2.jar;C:\Users\jordy\.m2\repository\org\eclipse\angus\jakarta.mail\2.0.3\jakarta.mail-2.0.3.jar;C:\Users\jordy\.m2\repository\jakarta\activation\jakarta.activation-api\2.1.3\jakarta.activation-api-2.1.3.jar;C:\Users\jordy\.m2\repository\org\eclipse\angus\angus-activation\2.0.2\angus-activation-2.0.2.jar;C:\Users\jordy\.m2\repository\org\springframework\boot\spring-boot-starter-thymeleaf\3.4.2\spring-boot-starter-thymeleaf-3.4.2.jar;C:\Users\jordy\.m2\repository\org\thymeleaf\thymeleaf-spring6\3.1.3.RELEASE\thymeleaf-spring6-3.1.3.RELEASE.jar;C:\Users\jordy\.m2\repository\org\thymeleaf\thymeleaf\3.1.3.RELEASE\thymeleaf-3.1.3.RELEASE.jar;C:\Users\jordy\.m2\repository\org\attoparser\attoparser\2.0.7.RELEASE\attoparser-2.0.7.RELEASE.jar;C:\Users\jordy\.m2\repository\org\unbescape\unbescape\1.1.6.RELEASE\unbescape-1.1.6.RELEASE.jar;C:\Users\jordy\.m2\repository\org\springframework\boot\spring-boot-starter-web\3.4.2\spring-boot-starter-web-3.4.2.jar;C:\Users\jordy\.m2\repository\org\springframework\boot\spring-boot-starter-json\3.4.2\spring-boot-starter-json-3.4.2.jar;C:\Users\jordy\.m2\repository\com\fasterxml\jackson\core\jackson-databind\2.18.2\jackson-databind-2.18.2.jar;C:\Users\jordy\.m2\repository\com\fasterxml\jackson\core\jackson-annotations\2.18.2\jackson-annotations-2.18.2.jar;C:\Users\jordy\.m2\repository\com\fasterxml\jackson\core\jackson-core\2.18.2\jackson-core-2.18.2.jar;C:\Users\jordy\.m2\repository\com\fasterxml\jackson\datatype\jackson-datatype-jdk8\2.18.2\jackson-datatype-jdk8-2.18.2.jar;C:\Users\jordy\.m2\repository\com\fasterxml\jackson\datatype\jackson-datatype-jsr310\2.18.2\jackson-datatype-jsr310-2.18.2.jar;C:\Users\jordy\.m2\repository\com\fasterxml\jackson\module\jackson-module-parameter-names\2.18.2\jackson-module-parameter-names-2.18.2.jar;C:\Users\jordy\.m2\repository\org\springframework\boot\spring-boot-starter-tomcat\3.4.2\spring-boot-starter-tomcat-3.4.2.jar;C:\Users\jordy\.m2\repository\org\apache\tomcat\embed\tomcat-embed-core\10.1.34\tomcat-embed-core-10.1.34.jar;C:\Users\jordy\.m2\repository\org\apache\tomcat\embed\tomcat-embed-el\10.1.34\tomcat-embed-el-10.1.34.jar;C:\Users\jordy\.m2\repository\org\apache\tomcat\embed\tomcat-embed-websocket\10.1.34\tomcat-embed-websocket-10.1.34.jar;C:\Users\jordy\.m2\repository\org\springframework\spring-web\6.2.2\spring-web-6.2.2.jar;C:\Users\jordy\.m2\repository\io\micrometer\micrometer-observation\1.14.3\micrometer-observation-1.14.3.jar;C:\Users\jordy\.m2\repository\io\micrometer\micrometer-commons\1.14.3\micrometer-commons-1.14.3.jar;C:\Users\jordy\.m2\repository\org\springframework\spring-webmvc\6.2.2\spring-webmvc-6.2.2.jar;C:\Users\jordy\.m2\repository\org\springframework\spring-expression\6.2.2\spring-expression-6.2.2.jar;C:\Users\jordy\.m2\repository\org\springframework\boot\spring-boot-devtools\3.4.2\spring-boot-devtools-3.4.2.jar;C:\Users\jordy\.m2\repository\org\springframework\boot\spring-boot\3.4.2\spring-boot-3.4.2.jar;C:\Users\jordy\.m2\repository\org\springframework\boot\spring-boot-autoconfigure\3.4.2\spring-boot-autoconfigure-3.4.2.jar;C:\Users\jordy\.m2\repository\com\mysql\mysql-connector-j\9.1.0\mysql-connector-j-9.1.0.jar;C:\Users\jordy\.m2\repository\org\projectlombok\lombok\1.18.36\lombok-1.18.36.jar;C:\Users\jordy\.m2\repository\org\springframework\boot\spring-boot-starter-test\3.4.2\spring-boot-starter-test-3.4.2.jar;C:\Users\jordy\.m2\repository\org\springframework\boot\spring-boot-test\3.4.2\spring-boot-test-3.4.2.jar;C:\Users\jordy\.m2\repository\org\springframework\boot\spring-boot-test-autoconfigure\3.4.2\spring-boot-test-autoconfigure-3.4.2.jar;C:\Users\jordy\.m2\repository\com\jayway\jsonpath\json-path\2.9.0\json-path-2.9.0.jar;C:\Users\jordy\.m2\repository\jakarta\xml\bind\jakarta.xml.bind-api\4.0.2\jakarta.xml.bind-api-4.0.2.jar;C:\Users\jordy\.m2\repository\net\minidev\json-smart\2.5.1\json-smart-2.5.1.jar;C:\Users\jordy\.m2\repository\net\minidev\accessors-smart\2.5.1\accessors-smart-2.5.1.jar;C:\Users\jordy\.m2\repository\org\ow2\asm\asm\9.6\asm-9.6.jar;C:\Users\jordy\.m2\repository\org\assertj\assertj-core\3.26.3\assertj-core-3.26.3.jar;C:\Users\jordy\.m2\repository\org\awaitility\awaitility\4.2.2\awaitility-4.2.2.jar;C:\Users\jordy\.m2\repository\org\hamcrest\hamcrest\2.2\hamcrest-2.2.jar;C:\Users\jordy\.m2\repository\org\junit\jupiter\junit-jupiter\5.11.4\junit-jupiter-5.11.4.jar;C:\Users\jordy\.m2\repository\org\junit\jupiter\junit-jupiter-api\5.11.4\junit-jupiter-api-5.11.4.jar;C:\Users\jordy\.m2\repository\org\opentest4j\opentest4j\1.3.0\opentest4j-1.3.0.jar;C:\Users\jordy\.m2\repository\org\junit\platform\junit-platform-commons\1.11.4\junit-platform-commons-1.11.4.jar;C:\Users\jordy\.m2\repository\org\apiguardian\apiguardian-api\1.1.2\apiguardian-api-1.1.2.jar;C:\Users\jordy\.m2\repository\org\junit\jupiter\junit-jupiter-params\5.11.4\junit-jupiter-params-5.11.4.jar;C:\Users\jordy\.m2\repository\org\junit\jupiter\junit-jupiter-engine\5.11.4\junit-jupiter-engine-5.11.4.jar;C:\Users\jordy\.m2\repository\org\junit\platform\junit-platform-engine\1.11.4\junit-platform-engine-1.11.4.jar;C:\Users\jordy\.m2\repository\org\mockito\mockito-junit-jupiter\5.14.2\mockito-junit-jupiter-5.14.2.jar;C:\Users\jordy\.m2\repository\org\skyscreamer\jsonassert\1.5.3\jsonassert-1.5.3.jar;C:\Users\jordy\.m2\repository\com\vaadin\external\google\android-json\0.0.20131108.vaadin1\android-json-0.0.20131108.vaadin1.jar;C:\Users\jordy\.m2\repository\org\springframework\spring-core\6.2.2\spring-core-6.2.2.jar;C:\Users\jordy\.m2\repository\org\springframework\spring-jcl\6.2.2\spring-jcl-6.2.2.jar;C:\Users\jordy\.m2\repository\org\springframework\spring-test\6.2.2\spring-test-6.2.2.jar;C:\Users\jordy\.m2\repository\org\xmlunit\xmlunit-core\2.10.0\xmlunit-core-2.10.0.jar;C:\Users\jordy\.m2\repository\org\mockito\mockito-core\5.14.2\mockito-core-5.14.2.jar;C:\Users\jordy\.m2\repository\net\bytebuddy\byte-buddy\1.15.11\byte-buddy-1.15.11.jar;C:\Users\jordy\.m2\repository\net\bytebuddy\byte-buddy-agent\1.15.11\byte-buddy-agent-1.15.11.jar;C:\Users\jordy\.m2\repository\org\objenesis\objenesis\3.3\objenesis-3.3.jar;C:\Users\jordy\.m2\repository\org\springframework\boot\spring-boot-starter-security\3.4.2\spring-boot-starter-security-3.4.2.jar;C:\Users\jordy\.m2\repository\org\springframework\spring-aop\6.2.2\spring-aop-6.2.2.jar;C:\Users\jordy\.m2\repository\org\springframework\security\spring-security-config\6.4.2\spring-security-config-6.4.2.jar;C:\Users\jordy\.m2\repository\org\springframework\security\spring-security-core\6.4.2\spring-security-core-6.4.2.jar;C:\Users\jordy\.m2\repository\org\springframework\security\spring-security-crypto\6.4.2\spring-security-crypto-6.4.2.jar;C:\Users\jordy\.m2\repository\org\springframework\security\spring-security-web\6.4.2\spring-security-web-6.4.2.jar;C:\Users\jordy\.m2\repository\org\thymeleaf\extras\thymeleaf-extras-springsecurity5\3.1.2.RELEASE\thymeleaf-extras-springsecurity5-3.1.2.RELEASE.jar;C:\Users\jordy\.m2\repository\org\thymeleaf\thymeleaf-spring5\3.1.2.RELEASE\thymeleaf-spring5-3.1.2.RELEASE.jar;C:\Users\jordy\.m2\repository\org\slf4j\slf4j-api\2.0.16\slf4j-api-2.0.16.jar;C:\Users\jordy\.m2\repository\org\thymeleaf\extras\thymeleaf-extras-springsecurity6\3.1.3.RELEASE\thymeleaf-extras-springsecurity6-3.1.3.RELEASE.jar;C:\Users\jordy\.m2\repository\org\hibernate\validator\hibernate-validator\8.0.1.Final\hibernate-validator-8.0.1.Final.jar;C:\Users\jordy\.m2\repository\jakarta\validation\jakarta.validation-api\3.0.2\jakarta.validation-api-3.0.2.jar;C:\Users\jordy\.m2\repository\org\jboss\logging\jboss-logging\3.6.1.Final\jboss-logging-3.6.1.Final.jar;C:\Users\jordy\.m2\repository\com\fasterxml\classmate\1.7.0\classmate-1.7.0.jar;C:\Users\jordy\.m2\repository\org\mapstruct\mapstruct\1.5.5.Final\mapstruct-1.5.5.Final.jar;C:\Users\jordy\.m2\repository\org\mapstruct\mapstruct-processor\1.5.5.Final\mapstruct-processor-1.5.5.Final.jar;"/>
    <property name="java.vm.vendor" value="Oracle Corporation"/>
    <property name="LOG_PATH" value="logs/"/>
    <property name="sun.arch.data.model" value="64"/>
    <property name="user.variant" value=""/>
    <property name="catalina.useNaming" value="false"/>
    <property name="java.vendor.url" value="https://java.oracle.com/"/>
    <property name="user.timezone" value="Europe/Madrid"/>
    <property name="org.jboss.logging.provider" value="slf4j"/>
    <property name="os.name" value="Windows 11"/>
    <property name="java.vm.specification.version" value="17"/>
    <property name="APPLICATION_NAME" value="kunturtatto"/>
    <property name="user.country" value="ES"/>
    <property name="sun.java.launcher" value="SUN_STANDARD"/>
    <property name="sun.boot.library.path" value="C:\Program Files\Java\jdk-17\bin"/>
    <property name="sun.java.command" value="C:\Users\jordy\AppData\Local\Temp\surefire16277567212435284255\surefirebooter-20250515160813531_3.jar C:\Users\jordy\AppData\Local\Temp\surefire16277567212435284255 2025-05-15T16-08-13_345-jvmRun1 surefire-20250515160813531_1tmp surefire_0-20250515160813531_2tmp"/>
    <property name="jdk.debug" value="release"/>
    <property name="surefire.test.class.path" value="E:\programacion\proyectosSubidos\kunturtatto\target\test-classes;E:\programacion\proyectosSubidos\kunturtatto\target\classes;C:\Users\jordy\.m2\repository\org\springframework\boot\spring-boot-starter-data-jpa\3.4.2\spring-boot-starter-data-jpa-3.4.2.jar;C:\Users\jordy\.m2\repository\org\springframework\boot\spring-boot-starter\3.4.2\spring-boot-starter-3.4.2.jar;C:\Users\jordy\.m2\repository\org\springframework\boot\spring-boot-starter-logging\3.4.2\spring-boot-starter-logging-3.4.2.jar;C:\Users\jordy\.m2\repository\ch\qos\logback\logback-classic\1.5.16\logback-classic-1.5.16.jar;C:\Users\jordy\.m2\repository\ch\qos\logback\logback-core\1.5.16\logback-core-1.5.16.jar;C:\Users\jordy\.m2\repository\org\apache\logging\log4j\log4j-to-slf4j\2.24.3\log4j-to-slf4j-2.24.3.jar;C:\Users\jordy\.m2\repository\org\apache\logging\log4j\log4j-api\2.24.3\log4j-api-2.24.3.jar;C:\Users\jordy\.m2\repository\org\slf4j\jul-to-slf4j\2.0.16\jul-to-slf4j-2.0.16.jar;C:\Users\jordy\.m2\repository\jakarta\annotation\jakarta.annotation-api\2.1.1\jakarta.annotation-api-2.1.1.jar;C:\Users\jordy\.m2\repository\org\yaml\snakeyaml\2.3\snakeyaml-2.3.jar;C:\Users\jordy\.m2\repository\org\springframework\boot\spring-boot-starter-jdbc\3.4.2\spring-boot-starter-jdbc-3.4.2.jar;C:\Users\jordy\.m2\repository\com\zaxxer\HikariCP\5.1.0\HikariCP-5.1.0.jar;C:\Users\jordy\.m2\repository\org\springframework\spring-jdbc\6.2.2\spring-jdbc-6.2.2.jar;C:\Users\jordy\.m2\repository\org\hibernate\orm\hibernate-core\6.6.5.Final\hibernate-core-6.6.5.Final.jar;C:\Users\jordy\.m2\repository\jakarta\persistence\jakarta.persistence-api\3.1.0\jakarta.persistence-api-3.1.0.jar;C:\Users\jordy\.m2\repository\jakarta\transaction\jakarta.transaction-api\2.0.1\jakarta.transaction-api-2.0.1.jar;C:\Users\jordy\.m2\repository\org\hibernate\common\hibernate-commons-annotations\7.0.3.Final\hibernate-commons-annotations-7.0.3.Final.jar;C:\Users\jordy\.m2\repository\io\smallrye\jandex\3.2.0\jandex-3.2.0.jar;C:\Users\jordy\.m2\repository\org\glassfish\jaxb\jaxb-runtime\4.0.5\jaxb-runtime-4.0.5.jar;C:\Users\jordy\.m2\repository\org\glassfish\jaxb\jaxb-core\4.0.5\jaxb-core-4.0.5.jar;C:\Users\jordy\.m2\repository\org\glassfish\jaxb\txw2\4.0.5\txw2-4.0.5.jar;C:\Users\jordy\.m2\repository\com\sun\istack\istack-commons-runtime\4.1.2\istack-commons-runtime-4.1.2.jar;C:\Users\jordy\.m2\repository\jakarta\inject\jakarta.inject-api\2.0.1\jakarta.inject-api-2.0.1.jar;C:\Users\jordy\.m2\repository\org\antlr\antlr4-runtime\4.13.0\antlr4-runtime-4.13.0.jar;C:\Users\jordy\.m2\repository\org\springframework\data\spring-data-jpa\3.4.2\spring-data-jpa-3.4.2.jar;C:\Users\jordy\.m2\repository\org\springframework\data\spring-data-commons\3.4.2\spring-data-commons-3.4.2.jar;C:\Users\jordy\.m2\repository\org\springframework\spring-orm\6.2.2\spring-orm-6.2.2.jar;C:\Users\jordy\.m2\repository\org\springframework\spring-context\6.2.2\spring-context-6.2.2.jar;C:\Users\jordy\.m2\repository\org\springframework\spring-tx\6.2.2\spring-tx-6.2.2.jar;C:\Users\jordy\.m2\repository\org\springframework\spring-beans\6.2.2\spring-beans-6.2.2.jar;C:\Users\jordy\.m2\repository\org\springframework\spring-aspects\6.2.2\spring-aspects-6.2.2.jar;C:\Users\jordy\.m2\repository\org\aspectj\aspectjweaver\1.9.22.1\aspectjweaver-1.9.22.1.jar;C:\Users\jordy\.m2\repository\org\springframework\boot\spring-boot-starter-mail\3.4.2\spring-boot-starter-mail-3.4.2.jar;C:\Users\jordy\.m2\repository\org\springframework\spring-context-support\6.2.2\spring-context-support-6.2.2.jar;C:\Users\jordy\.m2\repository\org\eclipse\angus\jakarta.mail\2.0.3\jakarta.mail-2.0.3.jar;C:\Users\jordy\.m2\repository\jakarta\activation\jakarta.activation-api\2.1.3\jakarta.activation-api-2.1.3.jar;C:\Users\jordy\.m2\repository\org\eclipse\angus\angus-activation\2.0.2\angus-activation-2.0.2.jar;C:\Users\jordy\.m2\repository\org\springframework\boot\spring-boot-starter-thymeleaf\3.4.2\spring-boot-starter-thymeleaf-3.4.2.jar;C:\Users\jordy\.m2\repository\org\thymeleaf\thymeleaf-spring6\3.1.3.RELEASE\thymeleaf-spring6-3.1.3.RELEASE.jar;C:\Users\jordy\.m2\repository\org\thymeleaf\thymeleaf\3.1.3.RELEASE\thymeleaf-3.1.3.RELEASE.jar;C:\Users\jordy\.m2\repository\org\attoparser\attoparser\2.0.7.RELEASE\attoparser-2.0.7.RELEASE.jar;C:\Users\jordy\.m2\repository\org\unbescape\unbescape\1.1.6.RELEASE\unbescape-1.1.6.RELEASE.jar;C:\Users\jordy\.m2\repository\org\springframework\boot\spring-boot-starter-web\3.4.2\spring-boot-starter-web-3.4.2.jar;C:\Users\jordy\.m2\repository\org\springframework\boot\spring-boot-starter-json\3.4.2\spring-boot-starter-json-3.4.2.jar;C:\Users\jordy\.m2\repository\com\fasterxml\jackson\core\jackson-databind\2.18.2\jackson-databind-2.18.2.jar;C:\Users\jordy\.m2\repository\com\fasterxml\jackson\core\jackson-annotations\2.18.2\jackson-annotations-2.18.2.jar;C:\Users\jordy\.m2\repository\com\fasterxml\jackson\core\jackson-core\2.18.2\jackson-core-2.18.2.jar;C:\Users\jordy\.m2\repository\com\fasterxml\jackson\datatype\jackson-datatype-jdk8\2.18.2\jackson-datatype-jdk8-2.18.2.jar;C:\Users\jordy\.m2\repository\com\fasterxml\jackson\datatype\jackson-datatype-jsr310\2.18.2\jackson-datatype-jsr310-2.18.2.jar;C:\Users\jordy\.m2\repository\com\fasterxml\jackson\module\jackson-module-parameter-names\2.18.2\jackson-module-parameter-names-2.18.2.jar;C:\Users\jordy\.m2\repository\org\springframework\boot\spring-boot-starter-tomcat\3.4.2\spring-boot-starter-tomcat-3.4.2.jar;C:\Users\jordy\.m2\repository\org\apache\tomcat\embed\tomcat-embed-core\10.1.34\tomcat-embed-core-10.1.34.jar;C:\Users\jordy\.m2\repository\org\apache\tomcat\embed\tomcat-embed-el\10.1.34\tomcat-embed-el-10.1.34.jar;C:\Users\jordy\.m2\repository\org\apache\tomcat\embed\tomcat-embed-websocket\10.1.34\tomcat-embed-websocket-10.1.34.jar;C:\Users\jordy\.m2\repository\org\springframework\spring-web\6.2.2\spring-web-6.2.2.jar;C:\Users\jordy\.m2\repository\io\micrometer\micrometer-observation\1.14.3\micrometer-observation-1.14.3.jar;C:\Users\jordy\.m2\repository\io\micrometer\micrometer-commons\1.14.3\micrometer-commons-1.14.3.jar;C:\Users\jordy\.m2\repository\org\springframework\spring-webmvc\6.2.2\spring-webmvc-6.2.2.jar;C:\Users\jordy\.m2\repository\org\springframework\spring-expression\6.2.2\spring-expression-6.2.2.jar;C:\Users\jordy\.m2\repository\org\springframework\boot\spring-boot-devtools\3.4.2\spring-boot-devtools-3.4.2.jar;C:\Users\jordy\.m2\repository\org\springframework\boot\spring-boot\3.4.2\spring-boot-3.4.2.jar;C:\Users\jordy\.m2\repository\org\springframework\boot\spring-boot-autoconfigure\3.4.2\spring-boot-autoconfigure-3.4.2.jar;C:\Users\jordy\.m2\repository\com\mysql\mysql-connector-j\9.1.0\mysql-connector-j-9.1.0.jar;C:\Users\jordy\.m2\repository\org\projectlombok\lombok\1.18.36\lombok-1.18.36.jar;C:\Users\jordy\.m2\repository\org\springframework\boot\spring-boot-starter-test\3.4.2\spring-boot-starter-test-3.4.2.jar;C:\Users\jordy\.m2\repository\org\springframework\boot\spring-boot-test\3.4.2\spring-boot-test-3.4.2.jar;C:\Users\jordy\.m2\repository\org\springframework\boot\spring-boot-test-autoconfigure\3.4.2\spring-boot-test-autoconfigure-3.4.2.jar;C:\Users\jordy\.m2\repository\com\jayway\jsonpath\json-path\2.9.0\json-path-2.9.0.jar;C:\Users\jordy\.m2\repository\jakarta\xml\bind\jakarta.xml.bind-api\4.0.2\jakarta.xml.bind-api-4.0.2.jar;C:\Users\jordy\.m2\repository\net\minidev\json-smart\2.5.1\json-smart-2.5.1.jar;C:\Users\jordy\.m2\repository\net\minidev\accessors-smart\2.5.1\accessors-smart-2.5.1.jar;C:\Users\jordy\.m2\repository\org\ow2\asm\asm\9.6\asm-9.6.jar;C:\Users\jordy\.m2\repository\org\assertj\assertj-core\3.26.3\assertj-core-3.26.3.jar;C:\Users\jordy\.m2\repository\org\awaitility\awaitility\4.2.2\awaitility-4.2.2.jar;C:\Users\jordy\.m2\repository\org\hamcrest\hamcrest\2.2\hamcrest-2.2.jar;C:\Users\jordy\.m2\repository\org\junit\jupiter\junit-jupiter\5.11.4\junit-jupiter-5.11.4.jar;C:\Users\jordy\.m2\repository\org\junit\jupiter\junit-jupiter-api\5.11.4\junit-jupiter-api-5.11.4.jar;C:\Users\jordy\.m2\repository\org\opentest4j\opentest4j\1.3.0\opentest4j-1.3.0.jar;C:\Users\jordy\.m2\repository\org\junit\platform\junit-platform-commons\1.11.4\junit-platform-commons-1.11.4.jar;C:\Users\jordy\.m2\repository\org\apiguardian\apiguardian-api\1.1.2\apiguardian-api-1.1.2.jar;C:\Users\jordy\.m2\repository\org\junit\jupiter\junit-jupiter-params\5.11.4\junit-jupiter-params-5.11.4.jar;C:\Users\jordy\.m2\repository\org\junit\jupiter\junit-jupiter-engine\5.11.4\junit-jupiter-engine-5.11.4.jar;C:\Users\jordy\.m2\repository\org\junit\platform\junit-platform-engine\1.11.4\junit-platform-engine-1.11.4.jar;C:\Users\jordy\.m2\repository\org\mockito\mockito-junit-jupiter\5.14.2\mockito-junit-jupiter-5.14.2.jar;C:\Users\jordy\.m2\repository\org\skyscreamer\jsonassert\1.5.3\jsonassert-1.5.3.jar;C:\Users\jordy\.m2\repository\com\vaadin\external\google\android-json\0.0.20131108.vaadin1\android-json-0.0.20131108.vaadin1.jar;C:\Users\jordy\.m2\repository\org\springframework\spring-core\6.2.2\spring-core-6.2.2.jar;C:\Users\jordy\.m2\repository\org\springframework\spring-jcl\6.2.2\spring-jcl-6.2.2.jar;C:\Users\jordy\.m2\repository\org\springframework\spring-test\6.2.2\spring-test-6.2.2.jar;C:\Users\jordy\.m2\repository\org\xmlunit\xmlunit-core\2.10.0\xmlunit-core-2.10.0.jar;C:\Users\jordy\.m2\repository\org\mockito\mockito-core\5.14.2\mockito-core-5.14.2.jar;C:\Users\jordy\.m2\repository\net\bytebuddy\byte-buddy\1.15.11\byte-buddy-1.15.11.jar;C:\Users\jordy\.m2\repository\net\bytebuddy\byte-buddy-agent\1.15.11\byte-buddy-agent-1.15.11.jar;C:\Users\jordy\.m2\repository\org\objenesis\objenesis\3.3\objenesis-3.3.jar;C:\Users\jordy\.m2\repository\org\springframework\boot\spring-boot-starter-security\3.4.2\spring-boot-starter-security-3.4.2.jar;C:\Users\jordy\.m2\repository\org\springframework\spring-aop\6.2.2\spring-aop-6.2.2.jar;C:\Users\jordy\.m2\repository\org\springframework\security\spring-security-config\6.4.2\spring-security-config-6.4.2.jar;C:\Users\jordy\.m2\repository\org\springframework\security\spring-security-core\6.4.2\spring-security-core-6.4.2.jar;C:\Users\jordy\.m2\repository\org\springframework\security\spring-security-crypto\6.4.2\spring-security-crypto-6.4.2.jar;C:\Users\jordy\.m2\repository\org\springframework\security\spring-security-web\6.4.2\spring-security-web-6.4.2.jar;C:\Users\jordy\.m2\repository\org\thymeleaf\extras\thymeleaf-extras-springsecurity5\3.1.2.RELEASE\thymeleaf-extras-springsecurity5-3.1.2.RELEASE.jar;C:\Users\jordy\.m2\repository\org\thymeleaf\thymeleaf-spring5\3.1.2.RELEASE\thymeleaf-spring5-3.1.2.RELEASE.jar;C:\Users\jordy\.m2\repository\org\slf4j\slf4j-api\2.0.16\slf4j-api-2.0.16.jar;C:\Users\jordy\.m2\repository\org\thymeleaf\extras\thymeleaf-extras-springsecurity6\3.1.3.RELEASE\thymeleaf-extras-springsecurity6-3.1.3.RELEASE.jar;C:\Users\jordy\.m2\repository\org\hibernate\validator\hibernate-validator\8.0.1.Final\hibernate-validator-8.0.1.Final.jar;C:\Users\jordy\.m2\repository\jakarta\validation\jakarta.validation-api\3.0.2\jakarta.validation-api-3.0.2.jar;C:\Users\jordy\.m2\repository\org\jboss\logging\jboss-logging\3.6.1.Final\jboss-logging-3.6.1.Final.jar;C:\Users\jordy\.m2\repository\com\fasterxml\classmate\1.7.0\classmate-1.7.0.jar;C:\Users\jordy\.m2\repository\org\mapstruct\mapstruct\1.5.5.Final\mapstruct-1.5.5.Final.jar;C:\Users\jordy\.m2\repository\org\mapstruct\mapstruct-processor\1.5.5.Final\mapstruct-processor-1.5.5.Final.jar;"/>
    <property name="sun.cpu.endian" value="little"/>
    <property name="user.home" value="C:\Users\jordy"/>
    <property name="user.language" value="es"/>
    <property name="java.specification.vendor" value="Oracle Corporation"/>
    <property name="java.version.date" value="2023-04-18"/>
    <property name="java.home" value="C:\Program Files\Java\jdk-17"/>
    <property name="file.separator" value="\"/>
    <property name="basedir" value="E:\programacion\proyectosSubidos\kunturtatto"/>
    <property name="java.vm.compressedOopsMode" value="Zero based"/>
    <property name="line.separator" value="&#10;"/>
    <property name="java.vm.specification.vendor" value="Oracle Corporation"/>
    <property name="java.specification.name" value="Java Platform API Specification"/>
    <property name="FILE_LOG_CHARSET" value="windows-1252"/>
    <property name="java.awt.headless" value="true"/>
    <property name="surefire.real.class.path" value="C:\Users\jordy\AppData\Local\Temp\surefire16277567212435284255\surefirebooter-20250515160813531_3.jar"/>
    <property name="user.script" value=""/>
    <property name="sun.management.compiler" value="HotSpot 64-Bit Tiered Compilers"/>
    <property name="java.runtime.version" value="17.0.7+8-LTS-224"/>
    <property name="user.name" value="jordy"/>
    <property name="path.separator" value=";"/>
    <property name="os.version" value="10.0"/>
    <property name="java.runtime.name" value="Java(TM) SE Runtime Environment"/>
    <property name="file.encoding" value="Cp1252"/>
    <property name="java.vm.name" value="Java HotSpot(TM) 64-Bit Server VM"/>
    <property name="LOG_FILE" value="logs/kunturtatto.log"/>
    <property name="localRepository" value="C:\Users\jordy\.m2\repository"/>
    <property name="java.vendor.url.bug" value="https://bugreport.java.com/bugreport/"/>
    <property name="java.io.tmpdir" value="C:\Users\jordy\AppData\Local\Temp\"/>
    <property name="com.zaxxer.hikari.pool_number" value="2"/>
    <property name="catalina.home" value="C:\Users\jordy\AppData\Local\Temp\tomcat.8080.8621831758576298700"/>
    <property name="java.version" value="17.0.7"/>
    <property name="user.dir" value="E:\programacion\proyectosSubidos\kunturtatto"/>
    <property name="os.arch" value="amd64"/>
    <property name="java.vm.specification.name" value="Java Virtual Machine Specification"/>
    <property name="PID" value="19956"/>
    <property name="sun.os.patch.level" value=""/>
    <property name="CONSOLE_LOG_CHARSET" value="windows-1252"/>
    <property name="catalina.base" value="C:\Users\jordy\AppData\Local\Temp\tomcat.8080.8621831758576298700"/>
    <property name="native.encoding" value="Cp1252"/>
    <property name="java.library.path" value="C:\Program Files\Java\jdk-17\bin;C:\WINDOWS\Sun\Java\bin;C:\WINDOWS\system32;C:\WINDOWS;C:\Program Files\Common Files\Oracle\Java\javapath;C:\WINDOWS\system32;C:\WINDOWS;C:\WINDOWS\System32\Wbem;C:\WINDOWS\System32\WindowsPowerShell\v1.0\;C:\WINDOWS\System32\OpenSSH\;C:\Program Files (x86)\NVIDIA Corporation\PhysX\Common;C:\wamp64\bin\php\php8.2.0;C:\Program Files\Git\cmd;C:\Program Files\Maven\apache-maven-3.9.6\bin;C:\Program Files\NVIDIA Corporation\NVIDIA app\NvDLISR;C:\Program Files (x86)\vault;;C:\Program Files\Docker\Docker\resources\bin;C:\Program Files\nodejs\;C:\ProgramData\chocolatey\bin;C:\Program Files\PuTTY\;C:\WINDOWS\system32;C:\WINDOWS;C:\WINDOWS\System32\Wbem;C:\WINDOWS\System32\WindowsPowerShell\v1.0\;C:\WINDOWS\System32\OpenSSH\;C:\Users\jordy\AppData\Local\Programs\Python\Launcher\;C:\Program Files\MySQL\MySQL Shell 8.0\bin\;C:\Users\jordy\AppData\Local\Microsoft\WindowsApps;D:\programas\Microsoft VS Code\bin;C:\Users\jordy\AppData\Local\GitHubDesktop\bin;C:\Program Files\heroku\bin;C:\Users\jordy\AppData\Local\Programs\Python\Python312;C:\Users\jordy\AppData\Local\Programs\Python\Python312\Scripts;C:\Program Files\MongoDB\Server\7.0\bin;C:\Program Files\MongoDB\mongosh-2.2.9-win32-x64\bin;C:\Users\jordy\AppData\Roaming\npm;;C:\Users\jordy\.lmstudio\bin;%USERPROFILE%\AppData\Local\Microsoft\WindowsApps;c:\Users\jordy\AppData\Roaming\Code\User\globalStorage\github.copilot-chat\debugCommand;."/>
    <property name="java.vm.info" value="mixed mode, sharing"/>
    <property name="java.vendor" value="Oracle Corporation"/>
    <property name="java.vm.version" value="17.0.7+8-LTS-224"/>
    <property name="sun.io.unicode.encoding" value="UnicodeLittle"/>
    <property name="java.class.version" value="61.0"/>
    <property name="LOGGED_APPLICATION_NAME" value="[kunturtatto] "/>
  </properties>
  <testcase name="main" classname="com.example.kunturtatto.KunturtattoApplicationTests" time="2.192">
    <system-out><![CDATA[16:08:14.932 [main] INFO org.springframework.test.context.support.AnnotationConfigContextLoaderUtils -- Could not detect default configuration classes for test class [com.example.kunturtatto.KunturtattoApplicationTests]: KunturtattoApplicationTests does not declare any static, non-private, non-final, nested classes annotated with @Configuration.
16:08:15.147 [main] INFO org.springframework.boot.test.context.SpringBootTestContextBootstrapper -- Found @SpringBootConfiguration com.example.kunturtatto.KunturtattoApplication for test class com.example.kunturtatto.KunturtattoApplicationTests
16:08:15.471 [main] INFO org.springframework.boot.devtools.restart.RestartApplicationListener -- Restart disabled due to context in which it is running

  .   ____          _            __ _ _
 /\\ / ___'_ __ _ _(_)_ __  __ _ \ \ \ \
( ( )\___ | '_ | '_| | '_ \/ _` | \ \ \ \
 \\/  ___)| |_)| | | | | || (_| |  ) ) ) )
  '  |____| .__|_| |_|_| |_\__, | / / / /
 =========|_|==============|___/=/_/_/_/

 :: Spring Boot ::                (v3.4.2)

2025-05-15 16:08:16 [background-preinit] INFO  o.h.validator.internal.util.Version - HV000001: Hibernate Validator 8.0.1.Final
2025-05-15 16:08:16 [main] INFO  c.e.k.KunturtattoApplicationTests - Starting KunturtattoApplicationTests using Java 17.0.7 with PID 19956 (started by jordy in E:\programacion\proyectosSubidos\kunturtatto)
2025-05-15 16:08:16 [main] INFO  c.e.k.KunturtattoApplicationTests - No active profile set, falling back to 1 default profile: "default"
2025-05-15 16:08:18 [main] INFO  o.h.jpa.internal.util.LogHelper - HHH000204: Processing PersistenceUnitInfo [name: default]
2025-05-15 16:08:18 [main] INFO  org.hibernate.Version - HHH000412: Hibernate ORM core version 6.6.5.Final
2025-05-15 16:08:18 [main] INFO  o.h.c.i.RegionFactoryInitiator - HHH000026: Second-level cache disabled
2025-05-15 16:08:19 [main] INFO  com.zaxxer.hikari.HikariDataSource - HikariPool-1 - Starting...
2025-05-15 16:08:19 [main] INFO  com.zaxxer.hikari.pool.HikariPool - HikariPool-1 - Added connection com.mysql.cj.jdbc.ConnectionImpl@29a3de3a
2025-05-15 16:08:19 [main] INFO  com.zaxxer.hikari.HikariDataSource - HikariPool-1 - Start completed.
2025-05-15 16:08:19 [main] WARN  org.hibernate.orm.deprecation - HHH90000025: MySQLDialect does not need to be specified explicitly using 'hibernate.dialect' (remove the property setting and it will be selected by default)
2025-05-15 16:08:19 [main] INFO  o.hibernate.orm.connections.pooling - HHH10001005: Database info:
	Database JDBC URL [Connecting through datasource 'HikariDataSource (HikariPool-1)']
	Database driver: undefined/unknown
	Database version: 8.0.33
	Autocommit mode: undefined/unknown
	Isolation level: undefined/unknown
	Minimum pool size: undefined/unknown
	Maximum pool size: undefined/unknown
2025-05-15 16:08:21 [main] INFO  o.h.e.t.j.p.i.JtaPlatformInitiator - HHH000489: No JTA platform available (set 'hibernate.transaction.jta.platform' to enable JTA platform integration)
2025-05-15 16:08:23 [main] INFO  c.e.k.service.impl.ImageServiceImpl - Directorio de imÃ¡genes creado en: E:\programacion\proyectosSubidos\kunturtatto/images
2025-05-15 16:08:23 [main] WARN  o.s.b.a.o.j.JpaBaseConfiguration$JpaWebConfiguration - spring.jpa.open-in-view is enabled by default. Therefore, database queries may be performed during view rendering. Explicitly configure spring.jpa.open-in-view to disable this warning
2025-05-15 16:08:23 [main] WARN  o.s.s.c.a.a.c.InitializeUserDetailsBeanManagerConfigurer$InitializeUserDetailsManagerConfigurer - Global AuthenticationManager configured with an AuthenticationProvider bean. UserDetailsService beans will not be used by Spring Security for automatically configuring username/password login. Consider removing the AuthenticationProvider bean. Alternatively, consider using the UserDetailsService in a manually instantiated DaoAuthenticationProvider. If the current configuration is intentional, to turn off this warning, increase the logging level of 'org.springframework.security.config.annotation.authentication.configuration.InitializeUserDetailsBeanManagerConfigurer' to ERROR
2025-05-15 16:08:24 [main] INFO  c.e.k.KunturtattoApplicationTests - Started KunturtattoApplicationTests in 9.462 seconds (process running for 11.248)
2025-05-15 16:08:25 [main] DEBUG org.hibernate.SQL - select p1_0.id_permission,p1_0.description,p1_0.name from permissions p1_0 where p1_0.name=?
Hibernate: select p1_0.id_permission,p1_0.description,p1_0.name from permissions p1_0 where p1_0.name=?
2025-05-15 16:08:25 [main] DEBUG org.hibernate.SQL - select p1_0.id_permission,p1_0.description,p1_0.name from permissions p1_0 where p1_0.name=?
Hibernate: select p1_0.id_permission,p1_0.description,p1_0.name from permissions p1_0 where p1_0.name=?
2025-05-15 16:08:25 [main] DEBUG org.hibernate.SQL - select p1_0.id_permission,p1_0.description,p1_0.name from permissions p1_0 where p1_0.name=?
Hibernate: select p1_0.id_permission,p1_0.description,p1_0.name from permissions p1_0 where p1_0.name=?
2025-05-15 16:08:25 [main] DEBUG org.hibernate.SQL - select p1_0.id_permission,p1_0.description,p1_0.name from permissions p1_0 where p1_0.name=?
Hibernate: select p1_0.id_permission,p1_0.description,p1_0.name from permissions p1_0 where p1_0.name=?
2025-05-15 16:08:25 [main] DEBUG org.hibernate.SQL - select r1_0.id_rol,r1_0.role_name from roles r1_0 where r1_0.role_name=?
Hibernate: select r1_0.id_rol,r1_0.role_name from roles r1_0 where r1_0.role_name=?
2025-05-15 16:08:25 [main] DEBUG org.hibernate.SQL - select p1_0.role_id,p1_1.id_permission,p1_1.description,p1_1.name from role_permissions p1_0 join permissions p1_1 on p1_1.id_permission=p1_0.permission_id where p1_0.role_id=?
Hibernate: select p1_0.role_id,p1_1.id_permission,p1_1.description,p1_1.name from role_permissions p1_0 join permissions p1_1 on p1_1.id_permission=p1_0.permission_id where p1_0.role_id=?
2025-05-15 16:08:25 [main] DEBUG org.hibernate.SQL - select r1_0.id_rol,r1_0.role_name from roles r1_0 where r1_0.role_name=?
Hibernate: select r1_0.id_rol,r1_0.role_name from roles r1_0 where r1_0.role_name=?
2025-05-15 16:08:25 [main] DEBUG org.hibernate.SQL - select p1_0.role_id,p1_1.id_permission,p1_1.description,p1_1.name from role_permissions p1_0 join permissions p1_1 on p1_1.id_permission=p1_0.permission_id where p1_0.role_id=?
Hibernate: select p1_0.role_id,p1_1.id_permission,p1_1.description,p1_1.name from role_permissions p1_0 join permissions p1_1 on p1_1.id_permission=p1_0.permission_id where p1_0.role_id=?
2025-05-15 16:08:25 [main] DEBUG org.hibernate.SQL - select u1_0.id_user,u1_0.account_no_expired,u1_0.account_no_locked,u1_0.credential_no_expired,u1_0.email,u1_0.is_enabled,u1_0.password,u1_0.registration_date from user u1_0 where u1_0.email=?
Hibernate: select u1_0.id_user,u1_0.account_no_expired,u1_0.account_no_locked,u1_0.credential_no_expired,u1_0.email,u1_0.is_enabled,u1_0.password,u1_0.registration_date from user u1_0 where u1_0.email=?
2025-05-15 16:08:25 [main] DEBUG org.hibernate.SQL - select r1_0.user_id,r1_1.id_rol,p1_0.role_id,p1_1.id_permission,p1_1.description,p1_1.name,r1_1.role_name from user_roles r1_0 join roles r1_1 on r1_1.id_rol=r1_0.role_id left join role_permissions p1_0 on r1_1.id_rol=p1_0.role_id left join permissions p1_1 on p1_1.id_permission=p1_0.permission_id where r1_0.user_id=?
Hibernate: select r1_0.user_id,r1_1.id_rol,p1_0.role_id,p1_1.id_permission,p1_1.description,p1_1.name,r1_1.role_name from user_roles r1_0 join roles r1_1 on r1_1.id_rol=r1_0.role_id left join role_permissions p1_0 on r1_1.id_rol=p1_0.role_id left join permissions p1_1 on p1_1.id_permission=p1_0.permission_id where r1_0.user_id=?
2025-05-15 16:08:25 [main] DEBUG org.hibernate.SQL - select u1_0.id_user,u1_0.account_no_expired,u1_0.account_no_locked,u1_0.credential_no_expired,u1_0.email,u1_0.is_enabled,u1_0.password,u1_0.registration_date from user u1_0 where u1_0.email=?
Hibernate: select u1_0.id_user,u1_0.account_no_expired,u1_0.account_no_locked,u1_0.credential_no_expired,u1_0.email,u1_0.is_enabled,u1_0.password,u1_0.registration_date from user u1_0 where u1_0.email=?
2025-05-15 16:08:25 [main] DEBUG org.hibernate.SQL - select r1_0.user_id,r1_1.id_rol,p1_0.role_id,p1_1.id_permission,p1_1.description,p1_1.name,r1_1.role_name from user_roles r1_0 join roles r1_1 on r1_1.id_rol=r1_0.role_id left join role_permissions p1_0 on r1_1.id_rol=p1_0.role_id left join permissions p1_1 on p1_1.id_permission=p1_0.permission_id where r1_0.user_id=?
Hibernate: select r1_0.user_id,r1_1.id_rol,p1_0.role_id,p1_1.id_permission,p1_1.description,p1_1.name,r1_1.role_name from user_roles r1_0 join roles r1_1 on r1_1.id_rol=r1_0.role_id left join role_permissions p1_0 on r1_1.id_rol=p1_0.role_id left join permissions p1_1 on p1_1.id_permission=p1_0.permission_id where r1_0.user_id=?

  .   ____          _            __ _ _
 /\\ / ___'_ __ _ _(_)_ __  __ _ \ \ \ \
( ( )\___ | '_ | '_| | '_ \/ _` | \ \ \ \
 \\/  ___)| |_)| | | | | || (_| |  ) ) ) )
  '  |____| .__|_| |_|_| |_\__, | / / / /
 =========|_|==============|___/=/_/_/_/

 :: Spring Boot ::                (v3.4.2)

2025-05-15 16:08:25 [main] INFO  c.e.k.KunturtattoApplication - Starting KunturtattoApplication using Java 17.0.7 with PID 19956 (started by jordy in E:\programacion\proyectosSubidos\kunturtatto)
2025-05-15 16:08:25 [main] INFO  c.e.k.KunturtattoApplication - No active profile set, falling back to 1 default profile: "default"
2025-05-15 16:08:26 [main] INFO  o.a.coyote.http11.Http11NioProtocol - Initializing ProtocolHandler ["http-nio-8080"]
2025-05-15 16:08:26 [main] INFO  o.a.catalina.core.StandardService - Starting service [Tomcat]
2025-05-15 16:08:26 [main] INFO  o.a.catalina.core.StandardEngine - Starting Servlet engine: [Apache Tomcat/10.1.34]
2025-05-15 16:08:26 [main] INFO  o.a.c.c.C.[Tomcat].[localhost].[/] - Initializing Spring embedded WebApplicationContext
2025-05-15 16:08:26 [main] INFO  o.h.jpa.internal.util.LogHelper - HHH000204: Processing PersistenceUnitInfo [name: default]
2025-05-15 16:08:26 [main] INFO  o.h.c.i.RegionFactoryInitiator - HHH000026: Second-level cache disabled
2025-05-15 16:08:26 [main] INFO  com.zaxxer.hikari.HikariDataSource - HikariPool-2 - Starting...
2025-05-15 16:08:26 [main] INFO  com.zaxxer.hikari.pool.HikariPool - HikariPool-2 - Added connection com.mysql.cj.jdbc.ConnectionImpl@cf57116
2025-05-15 16:08:26 [main] INFO  com.zaxxer.hikari.HikariDataSource - HikariPool-2 - Start completed.
2025-05-15 16:08:26 [main] WARN  org.hibernate.orm.deprecation - HHH90000025: MySQLDialect does not need to be specified explicitly using 'hibernate.dialect' (remove the property setting and it will be selected by default)
2025-05-15 16:08:26 [main] INFO  o.hibernate.orm.connections.pooling - HHH10001005: Database info:
	Database JDBC URL [Connecting through datasource 'HikariDataSource (HikariPool-2)']
	Database driver: undefined/unknown
	Database version: 8.0.33
	Autocommit mode: undefined/unknown
	Isolation level: undefined/unknown
	Minimum pool size: undefined/unknown
	Maximum pool size: undefined/unknown
2025-05-15 16:08:26 [main] INFO  o.h.e.t.j.p.i.JtaPlatformInitiator - HHH000489: No JTA platform available (set 'hibernate.transaction.jta.platform' to enable JTA platform integration)
2025-05-15 16:08:27 [main] INFO  c.e.k.service.impl.ImageServiceImpl - Directorio de imÃ¡genes creado en: E:\programacion\proyectosSubidos\kunturtatto/images
2025-05-15 16:08:27 [main] WARN  o.s.b.a.o.j.JpaBaseConfiguration$JpaWebConfiguration - spring.jpa.open-in-view is enabled by default. Therefore, database queries may be performed during view rendering. Explicitly configure spring.jpa.open-in-view to disable this warning
2025-05-15 16:08:27 [main] WARN  o.s.s.c.a.a.c.InitializeUserDetailsBeanManagerConfigurer$InitializeUserDetailsManagerConfigurer - Global AuthenticationManager configured with an AuthenticationProvider bean. UserDetailsService beans will not be used by Spring Security for automatically configuring username/password login. Consider removing the AuthenticationProvider bean. Alternatively, consider using the UserDetailsService in a manually instantiated DaoAuthenticationProvider. If the current configuration is intentional, to turn off this warning, increase the logging level of 'org.springframework.security.config.annotation.authentication.configuration.InitializeUserDetailsBeanManagerConfigurer' to ERROR
2025-05-15 16:08:27 [main] INFO  o.a.coyote.http11.Http11NioProtocol - Starting ProtocolHandler ["http-nio-8080"]
2025-05-15 16:08:27 [main] INFO  c.e.k.KunturtattoApplication - Started KunturtattoApplication in 1.549 seconds (process running for 13.697)
2025-05-15 16:08:27 [main] DEBUG org.hibernate.SQL - select p1_0.id_permission,p1_0.description,p1_0.name from permissions p1_0 where p1_0.name=?
Hibernate: select p1_0.id_permission,p1_0.description,p1_0.name from permissions p1_0 where p1_0.name=?
2025-05-15 16:08:27 [main] DEBUG org.hibernate.SQL - select p1_0.id_permission,p1_0.description,p1_0.name from permissions p1_0 where p1_0.name=?
Hibernate: select p1_0.id_permission,p1_0.description,p1_0.name from permissions p1_0 where p1_0.name=?
2025-05-15 16:08:27 [main] DEBUG org.hibernate.SQL - select p1_0.id_permission,p1_0.description,p1_0.name from permissions p1_0 where p1_0.name=?
Hibernate: select p1_0.id_permission,p1_0.description,p1_0.name from permissions p1_0 where p1_0.name=?
2025-05-15 16:08:27 [main] DEBUG org.hibernate.SQL - select p1_0.id_permission,p1_0.description,p1_0.name from permissions p1_0 where p1_0.name=?
Hibernate: select p1_0.id_permission,p1_0.description,p1_0.name from permissions p1_0 where p1_0.name=?
2025-05-15 16:08:27 [main] DEBUG org.hibernate.SQL - select r1_0.id_rol,r1_0.role_name from roles r1_0 where r1_0.role_name=?
Hibernate: select r1_0.id_rol,r1_0.role_name from roles r1_0 where r1_0.role_name=?
2025-05-15 16:08:27 [main] DEBUG org.hibernate.SQL - select p1_0.role_id,p1_1.id_permission,p1_1.description,p1_1.name from role_permissions p1_0 join permissions p1_1 on p1_1.id_permission=p1_0.permission_id where p1_0.role_id=?
Hibernate: select p1_0.role_id,p1_1.id_permission,p1_1.description,p1_1.name from role_permissions p1_0 join permissions p1_1 on p1_1.id_permission=p1_0.permission_id where p1_0.role_id=?
2025-05-15 16:08:27 [main] DEBUG org.hibernate.SQL - select r1_0.id_rol,r1_0.role_name from roles r1_0 where r1_0.role_name=?
Hibernate: select r1_0.id_rol,r1_0.role_name from roles r1_0 where r1_0.role_name=?
2025-05-15 16:08:27 [main] DEBUG org.hibernate.SQL - select p1_0.role_id,p1_1.id_permission,p1_1.description,p1_1.name from role_permissions p1_0 join permissions p1_1 on p1_1.id_permission=p1_0.permission_id where p1_0.role_id=?
Hibernate: select p1_0.role_id,p1_1.id_permission,p1_1.description,p1_1.name from role_permissions p1_0 join permissions p1_1 on p1_1.id_permission=p1_0.permission_id where p1_0.role_id=?
2025-05-15 16:08:27 [main] DEBUG org.hibernate.SQL - select u1_0.id_user,u1_0.account_no_expired,u1_0.account_no_locked,u1_0.credential_no_expired,u1_0.email,u1_0.is_enabled,u1_0.password,u1_0.registration_date from user u1_0 where u1_0.email=?
Hibernate: select u1_0.id_user,u1_0.account_no_expired,u1_0.account_no_locked,u1_0.credential_no_expired,u1_0.email,u1_0.is_enabled,u1_0.password,u1_0.registration_date from user u1_0 where u1_0.email=?
2025-05-15 16:08:27 [main] DEBUG org.hibernate.SQL - select r1_0.user_id,r1_1.id_rol,p1_0.role_id,p1_1.id_permission,p1_1.description,p1_1.name,r1_1.role_name from user_roles r1_0 join roles r1_1 on r1_1.id_rol=r1_0.role_id left join role_permissions p1_0 on r1_1.id_rol=p1_0.role_id left join permissions p1_1 on p1_1.id_permission=p1_0.permission_id where r1_0.user_id=?
Hibernate: select r1_0.user_id,r1_1.id_rol,p1_0.role_id,p1_1.id_permission,p1_1.description,p1_1.name,r1_1.role_name from user_roles r1_0 join roles r1_1 on r1_1.id_rol=r1_0.role_id left join role_permissions p1_0 on r1_1.id_rol=p1_0.role_id left join permissions p1_1 on p1_1.id_permission=p1_0.permission_id where r1_0.user_id=?
2025-05-15 16:08:27 [main] DEBUG org.hibernate.SQL - select u1_0.id_user,u1_0.account_no_expired,u1_0.account_no_locked,u1_0.credential_no_expired,u1_0.email,u1_0.is_enabled,u1_0.password,u1_0.registration_date from user u1_0 where u1_0.email=?
Hibernate: select u1_0.id_user,u1_0.account_no_expired,u1_0.account_no_locked,u1_0.credential_no_expired,u1_0.email,u1_0.is_enabled,u1_0.password,u1_0.registration_date from user u1_0 where u1_0.email=?
2025-05-15 16:08:27 [main] DEBUG org.hibernate.SQL - select r1_0.user_id,r1_1.id_rol,p1_0.role_id,p1_1.id_permission,p1_1.description,p1_1.name,r1_1.role_name from user_roles r1_0 join roles r1_1 on r1_1.id_rol=r1_0.role_id left join role_permissions p1_0 on r1_1.id_rol=p1_0.role_id left join permissions p1_1 on p1_1.id_permission=p1_0.permission_id where r1_0.user_id=?
Hibernate: select r1_0.user_id,r1_1.id_rol,p1_0.role_id,p1_1.id_permission,p1_1.description,p1_1.name,r1_1.role_name from user_roles r1_0 join roles r1_1 on r1_1.id_rol=r1_0.role_id left join role_permissions p1_0 on r1_1.id_rol=p1_0.role_id left join permissions p1_1 on p1_1.id_permission=p1_0.permission_id where r1_0.user_id=?
]]></system-out>
  </testcase>
</testsuite>